Configuration 'androidTestCompile' in project ':app' is deprecated. Use 'androidTestImplementation' instead.
app: 'androidProcessor' dependencies won't be recognized as kapt annotation processors. Please change the configuration name to 'kapt' for these artifacts: 'android.arch.persistence.room:compiler:1.0.0', 'com.jakewharton:butterknife-compiler:8.8.1' and apply the kapt plugin: "apply plugin: 'kotlin-kapt'".
:app:preBuild UP-TO-DATE
:app:preDebugBuild
:app:compileDebugAidl
:app:compileDebugRenderscript
:app:checkDebugManifest
:app:generateDebugBuildConfig
:app:generateDebugResValues
:app:generateDebugResources
:app:mergeDebugResources
:app:createDebugCompatibleScreenManifests
:app:processDebugManifest
/Users/ruirua/repos/AnaDroid/demoProjects/FutExam/_TRANSFORMED_/app/src/main/AndroidManifest.xml:25:428-503 Warning:
	Element uses-permission#android.permission.READ_EXTERNAL_STORAGE at AndroidManifest.xml:25:428-503 duplicated with element declared at AndroidManifest.xml:8:5-80
/Users/ruirua/repos/AnaDroid/demoProjects/FutExam/_TRANSFORMED_/app/src/main/AndroidManifest.xml:25:503-579 Warning:
	Element uses-permission#android.permission.WRITE_EXTERNAL_STORAGE at AndroidManifest.xml:25:503-579 duplicated with element declared at AndroidManifest.xml:7:5-81
:app:splitsDiscoveryTaskDebug
:app:processDebugResources
:app:compileDebugKotlin
Using Kotlin incremental compilation
:app:prepareLintJar
:app:generateDebugSources
:app:javaPreCompileDebug