003f67dd-c926-4f96-bb1b-5a2dd4bf344f
00aa855c-7be4-4830-9846-c46ffbdaebc2
01267b88-f16a-43e0-8982-d07844bc72b5
0147b2a1-7e15-4db0-bcd8-f2673bb10bb2
014c0791-3e1b-4729-8e37-07905c9e5a8f
01667ef7-71a4-40e8-a33b-81ddde9cb4f5
0266edf2-583a-4ae8-a3a7-151cc492d0b7
02e779a3-c958-4cc5-81fc-90653e6da0a2
03600d1e-393c-4924-8af9-3a69921b25ff
03b24132-380a-4813-a315-cb045f7b6f23
04a4c4b1-41d6-4ceb-aecd-acbbba80dd11
0533fa9e-0a25-4cc1-a2ed-afa496c65c25
059ffbed-ae13-4eea-924c-78d27c5ef448
067423bd-9435-489f-a77b-445f38913f21
06a452ba-08ad-4d6b-8ed4-f0d4198acd5c
076960f9-3339-413c-aa61-19ab7e9a41d4
0817fccb-7657-4a73-a44c-3abc5ac63588
090ded14-5079-49de-aac9-8ef4a866cc49
0931412f-7a30-4424-b39d-e130c37959f6
0984fc1b-cb37-49b3-be5c-f6e56709568e
09b2b4eb-405d-424e-aea3-7a5ef836fab7
0a22af29-bd03-4168-b9eb-20a7fcc02850
0ba3dfd9-5d82-459b-9e24-0421d8f9d8c9
0c5b178f-5a33-44c7-86e3-39abadb450e7
0c76243a-3374-4b08-829b-d163de298ecb
0cbd213a-6b99-4d64-8787-320aeadcdcd6
0d397a1e-dbce-4d7d-8128-9c67196d07a9
0d683408-5028-4bc6-82c3-a47b0f67698c
0ddc9828-d99e-4fa0-a2b3-50288df207a3
0e0cb2a7-b01e-4728-bd9c-c90e14c56d64
0e1ff2d1-e522-4ac6-b231-e330717b63b2
0e52e2d4-9d93-487c-ae09-e322a32bbc4f
0ffa34c1-2357-42a6-aafa-c096a186128d
10bb6fbf-a72f-457f-85e5-0542eed9858a
125f09ad-fb76-4143-9432-c0c6d24177a1
1346fa83-ffe2-488d-9eb2-64f35a6e5e1c
13b226cc-78f1-43fc-abee-9eb1599c4a65
13f6621c-b210-4d1b-9283-f7ce8d3a2af4
154f14ff-eaa6-443c-9642-23d1ae0d2204
157759db-eda7-4712-a173-f0ee8341ff1d
15a4f990-4d50-4329-a49c-af731078c769
15f90f6d-b240-4a9a-8435-a27ca3577452
166d5fcb-1472-4f71-bd47-a310dffc5ba2
1857eac6-8e99-4282-9f0c-380896d978c9
193c0cf3-ccfc-4a79-9291-2e837c635a98
1ac4a62b-7e7b-44b2-8df5-af9b3e32f1b7
1b809bf9-1901-48bc-85cb-e0942b4a5fbd
1f6bb7d2-49b3-41b6-9ed5-91b2b0c8cf12
2230f7b3-3b6e-4acf-9a81-175718ec7a9a
2295ec56-928f-48a1-8257-04ddcf209f07
2309bd3e-83ff-4661-a281-8407d4f54790
2497b0bd-6171-4cec-8b66-9f5b784a1d12
24ac766d-c10a-4345-845a-08def54b606c
253aaa38-b0d6-41b7-bc2e-ed36777e09be
25fcc2ea-9dac-4505-a1aa-da3b68ed2425
279297ec-434a-4792-ad77-6e8619aa9f9a
27a13206-1198-4e38-a149-18971133bdf7
27bf4977-ccd8-4b71-8017-4d78cc1df00f
27d5f1b6-d1b3-496b-b6c8-9ba25532a0b7
28dcb0dd-1d55-4ed0-96b5-8d2f09d68f59
28dccfc3-99e3-4dc9-b1e5-15263c602c79
2a3e308b-a970-412c-a268-c040bf2f2dd5
2a4a28f8-4e18-4723-9401-c866aa0dcf73
2b335fc0-2cb0-4f51-a91e-129ef220a1f9
2bb46be6-f071-413d-9221-c090a8f0cb29
2bbb4bf2-e222-40b3-87d8-6e8bccb8d588
2c0674ff-dbb3-4425-8ef8-8e68721d5a0a
2d7585d7-8d8b-4fba-aece-d65a560efbf8
2ecff862-af4f-4280-a693-baee091c452e
30251f02-0891-4b79-8211-429be285e543
30a83687-824d-444f-b249-37323b51df5d
30dd8a75-0bbb-43de-8864-08010b0bf8d9
333afe47-16cc-46d1-9a35-88538a29dd98
3456dfce-49f9-4b54-917f-c909186fdb8b
34a3fade-59be-4fdc-917e-aac7d9e4ff0a
35b40f76-eb3f-451c-8bcd-c00c916dd31c
363e7aa5-b9f8-45c4-b836-f8c10698e27d
3872755b-7c69-471f-8a44-f7cadbdd7771
3875fae2-f116-477d-b93a-902c124d99f5
3a234e80-6746-4d57-9ee4-f39204986a2b
3b4daecd-d305-4b34-9c3f-b460c5a5c49e
3b846247-b29e-4c80-9981-836246915bcc
3b8debc2-c2ac-4227-bd4b-1b8c798d1b9e
3c486f53-af64-4178-86e4-d438c153d775
3ccb1997-515d-4f5d-9e48-c080b2f7f522
3d1cfd7a-2b4c-4500-917d-10fc703b4ff2
3dcdb32c-549c-41c4-bad2-5748f931c1c0
3ec26306-21fa-4201-9b95-cac92ce5e37b
3eda204e-cf9d-448b-83a5-2c5340b7adde
40390873-5c92-4ddb-87e8-2f1d6e6df054
40ba53f4-66e4-4ac9-a676-f9ac2da56bd1
41192588-f259-410f-8112-c756a659b516
4169f3db-810d-4de7-8955-d08a8f126489
458956e2-5f67-4ba7-a623-6683261f4242
45c9754a-0694-49ec-bf87-4bef178b43ba
462a35f4-9be4-4178-ab0b-2816d85fcf9e
4634e865-fbf0-43f9-af24-6cc077e99822
46f7d3fa-aef6-48c7-9a98-a7fa91dcf681
486a0e9f-bc44-4d60-902d-06b556a2435c
495f673a-0e3a-43c2-bee5-1b7b6d218458
4bfd05f1-e74c-47c2-a109-ea2e6baec8e2
4c9eab23-86fd-4412-81b5-46f8ac76c581
4decaa2b-b84a-46d3-84aa-92978a743127
4efc0e62-9ada-464e-bdd7-adcb952d523d
504089f3-30e5-497b-b724-10ea989a9342
508415a8-89a3-4f8a-946d-ec6b34a8057f
5150503b-16cc-47d6-9442-500694e706d0
51540e25-9725-41fc-bf8a-b5cd4b53d86a
5265897a-d50f-49ae-8587-e3e07b6e9f5b
529f1659-9484-4be2-93fa-619014c1e2da
54647965-bd76-463d-9d3c-d1bde03a46f4
5543e527-208e-4fc3-9b71-9e1b3fe47b7f
56cc12e6-bb86-4239-b7e5-d8524f8e005c
574ae220-ebc4-4464-921e-af0ab7fe32b1
5a25ff0d-06f7-4b0e-87c6-c275b7e89d70
5b7ef1d5-6122-48eb-90f1-ee59f4f2c856
5c496a45-25ea-45b7-8e02-6f31537024b7
5c81afaa-a318-486a-9413-1f45da6f73e7
5dc1e1cc-6daa-4725-88a3-97302b0dc454
5df01c5a-fb2a-4211-8a58-42ddd908da28
5f6039ef-f80e-4a86-95da-3d5b0e4bb2a2
5fa942a0-7df6-401d-8fc8-cf15f2578eb4
602580be-e4d8-44ec-994a-51d11a23b008
6275a25f-5fa6-4f48-aeef-d941b7577436
65ea6201-1f60-4dc4-b060-9f32a9f8ff7d
665450d6-f354-4f9b-87b7-e05f0a4c3b9f
673211ef-f7ce-4856-bdef-b0134419ad5d
68863570-3719-413c-a193-fa7002118b35
68fa3e88-20a8-49f8-a182-2529a068631f
6cfbd6bb-5d07-408b-b9e2-1f68482cb633
6dcef74f-e42d-42ef-b686-3d96c9d4ce1a
6eaf9df9-651f-4a5a-a313-938b51b5dbc0
6f1883c3-debd-4470-96cd-5712e0374933
6f3ab5ba-f5c6-4800-b38b-87a9665248ad
6f752cc2-81f4-40ee-a71b-b38aec9c5775
6fd5fef7-c9fd-4b82-969f-9070ef7de4ba
6ffa93b6-7e58-4b1c-b3b8-53b896bd56e4
7000a5a1-da8a-433a-a993-35fda4ee41b4
72b56116-6419-478a-9f10-34924a3546f8
7353af43-9df3-4532-b76a-f4cb3b247301
7386fc95-d81f-45ed-b0db-96d0e6122ae5
73f57f38-0ed8-42c1-b308-b221cc865058
75b3a1a1-05d7-47fa-8866-179fd3ec88ee
7603ce2b-6f5a-49d9-bb89-3f6476c68fb1
76164c94-a7da-4d60-aaab-6615914f7780
7737b525-3acb-43af-931a-e6076fd404f9
77c63d1c-14bb-44a2-a86b-e337f0dc534f
77eaac6f-c678-420d-b96d-b599c23a6f74
786e3717-291f-4941-a216-e2298645c49e
792b58f5-b3ec-4c9f-b0dd-9478f58c99e8
79f0096f-b509-41cf-a452-364afe446c52
7becdad5-4aa7-449a-80c2-24b31e3f9507
7c8d47d1-cd04-432c-a597-9da8a21fcb7a
7cb9d34e-004b-4768-a22b-d1d3c12f3f56
7d322dc8-6078-4883-9b7b-8828ba404238
7e01e920-40ea-4423-9715-c1df931ae858
7e262a7e-b513-4c8f-b4fa-395b31399f87
7e7500f2-fa1b-46b6-915b-3f968148c399
7f6e5773-bb47-40e2-88da-8886be15a6f0
7fdc9dee-4c06-4c0c-8ed1-b4c3cbd6bc16
82176eea-ecff-4b80-8ec5-a8be1b4364f9
829d8a6e-f6fc-485f-bf79-bacd09ee37a4
82f432dd-c2c2-49f3-bf8b-e5d1f414c24e
836653de-46fb-4852-89a9-e5ffef26e28f
83e6815b-23a8-4673-a328-69f5749f073c
847f4a68-af96-4b18-b585-0f453dfc9d5a
848d7d15-317f-4ae8-ad0a-277cf512941c
85ed6968-61cb-4ae4-8580-b6498713c5a7
8626b39a-6ea6-4877-9938-6a55e3be6ce4
873230de-78b4-45a1-b8a1-b818453adc92
8793c3df-f9cd-41f8-99de-f4dfb1b6a7cc
87b6debe-b703-4507-86dd-0d2c8e09254e
87c6fdbe-5fe0-43bf-b4e6-43dfa578e362
87e40795-1e08-47a5-b8b5-248d8cd8eaa4
88177bbd-9382-40f1-914b-145e21d8d874
889ce55b-1a41-4a73-b7ab-6976089ddc1c
89307769-5727-42f9-902e-49f1c1fa1ff1
893e18a7-3202-4336-8929-7a03ae347f36
8a0a477f-19fd-4f16-b2e5-ac5847b07653
8a1f1dad-d097-4fae-9a56-63874d462af2
8a7d398c-ffa7-4524-a89e-ce2e6cd753e8
8b9fe5f1-f012-4072-b01e-82eb9f860f6a
8d3383b4-7279-4ddf-960c-e1ed48e89ec7
8e9298fb-c93e-4e9e-9d23-14a850dad267
8f0b643d-92ae-4c37-a7c0-daa2b83c003a
8f19f055-4109-4a43-946a-10936cc7d73b
91270ceb-9afb-4371-bbe8-dc4a6018ec80
915ff53b-f3d7-46ae-9378-7d5b1c9e0686
917c2a59-5fe8-40b1-bb05-4c6448d84546
92d59634-a215-48ca-ac77-210e00fcf5b9
938a08f8-4a90-4538-851c-3d44f2d3c9d5
945e65df-1211-41b0-bc55-da97bdf3ba30
94a0b6fd-3f75-44e0-ace1-312f6f774ab7
956d1ef8-f42e-427b-a5bf-d0e3699f5a24
95ba8c09-7cdf-4082-9cd3-79438dd45244
95df337d-1bc8-4cab-b2c1-a4a863cee291
965f2f7f-bb15-4e6f-9f4f-f47b792478c2
9771383e-1ba7-4939-a6fa-42ddd9570c34
984ce261-603a-42ea-951c-9c7a0baa83fa
9afccee7-c05f-4f01-bed4-01e37123dd4a
9b8327ef-4e89-499b-bb7b-47e2a7082e99
9bbbc688-396e-4bdb-b5af-edceeaea0c60
9bc81c81-ade7-48d8-9ec7-b749fe0dc4eb
9d4c76a7-55de-4a3e-942c-bb4e9fd139c3
9e546a20-f1c0-4cf3-94e2-75e98a9b572c
9e77445c-6b1b-41e4-9db2-5a9d9c87bed4
9eb38968-3dbd-49c3-9753-9ef86f89433c
9ee6e941-e3e7-4a9e-b24e-ca5651b5c714
9f340b9e-b730-49f5-be08-19206991f85c
9f6eec85-53e5-405a-b1fd-e765b504c7c6
9fb9f47a-58cd-4e63-8d21-668beba07e37
a1d0cf5a-ef54-43fa-b7bb-9495f81dd2fe
a2a61142-abc6-4de5-a20a-c8b104b8c414
a3db3d9a-892c-427a-97d0-b3de8e621a29
a4094f43-44a3-4977-943c-6d848d5a8f89
a5179871-8686-4e52-8c9a-6a530e552a18
a5569d34-44cb-48aa-84cf-93280dea5a54
a6dfc76c-91a4-4d6a-a28d-d10e4794ebb1
a6fdae65-ee8f-4ce5-b377-a5c29c1997c3
a7888715-864d-4fd6-8c79-0f0fa7917919
a8bda14c-8d4f-44eb-915b-211699651acb
N2AppTest
